<?xml version="1.0" encoding="UTF-8"?>
<!-- Generated by org.testng.reporters.JUnitReportReporter -->
<testsuite hostname="AmeenPT" failures="0" tests="1" name="SeleniumProject.SeleniumProject.BankingAppTest" time="4.795" errors="0" timestamp="2023-10-05T21:18:09 IST" skipped="0">
  <testcase classname="SeleniumProject.SeleniumProject.BankingAppTest" name="testWeb" time="4.795"/>
  <system-out/>
</testsuite> <!-- SeleniumProject.SeleniumProject.BankingAppTest -->
